2025-07-15 04:01:17.876 [info] Extension host with pid 306 started
2025-07-15 04:01:17.876 [error] Error: listen EACCES: permission denied /run/user/1000/vscode-ipc-f6f6f196-3c2a-4ffd-aff4-fa7586d1a4ab.sock
    at Server.setupListenHandle [as _listen2] (node:net:1917:21)
    at listenInCluster (node:net:1996:12)
    at Server.listen (node:net:2118:5)
    at zA.g (file:///vscode/vscode-server/bin/linux-x64/cb0c47c0cfaad0757385834bd89d410c78a856c0/out/vs/workbench/api/node/extensionHostProcess.js:166:28687)
    at new IG (file:///vscode/vscode-server/bin/linux-x64/cb0c47c0cfaad0757385834bd89d410c78a856c0/out/vs/workbench/api/node/extensionHostProcess.js:166:28602)
    at new zA (file:///vscode/vscode-server/bin/linux-x64/cb0c47c0cfaad0757385834bd89d410c78a856c0/out/vs/workbench/api/node/extensionHostProcess.js:166:30642)
    at h4.o (file:///vscode/vscode-server/bin/linux-x64/cb0c47c0cfaad0757385834bd89d410c78a856c0/out/vs/workbench/api/node/extensionHostProcess.js:37:1582)
    at h4.createInstance (file:///vscode/vscode-server/bin/linux-x64/cb0c47c0cfaad0757385834bd89d410c78a856c0/out/vs/workbench/api/node/extensionHostProcess.js:37:1079)
    at KG.wb (file:///vscode/vscode-server/bin/linux-x64/cb0c47c0cfaad0757385834bd89d410c78a856c0/out/vs/workbench/api/node/extensionHostProcess.js:205:431)
    at KG.initialize (file:///vscode/vscode-server/bin/linux-x64/cb0c47c0cfaad0757385834bd89d410c78a856c0/out/vs/workbench/api/node/extensionHostProcess.js:117:9582)
    at new X3 (file:///vscode/vscode-server/bin/linux-x64/cb0c47c0cfaad0757385834bd89d410c78a856c0/out/vs/workbench/api/node/extensionHostProcess.js:119:723)
    at xJ (file:///vscode/vscode-server/bin/linux-x64/cb0c47c0cfaad0757385834bd89d410c78a856c0/out/vs/workbench/api/node/extensionHostProcess.js:356:9912)
    at process.processTicksAndRejections (node:internal/process/task_queues:105:5)
2025-07-15 04:01:17.881 [info] Lock '/root/.vscode-server/data/User/workspaceStorage/0d5bc46b8dc68bab7e4f2d6e39034ef5/vscode.lock': Lock acquired.
2025-07-15 04:01:17.949 [info] ExtensionService#_doActivateExtension vscode.git-base, startup: true, activationEvent: '*', root cause: vscode.git
2025-07-15 04:01:17.972 [info] ExtensionService#_doActivateExtension vscode.git, startup: true, activationEvent: '*'
2025-07-15 04:01:17.972 [info] ExtensionService#_doActivateExtension vscode.github, startup: true, activationEvent: '*'
2025-07-15 04:01:18.092 [info] Eager extensions activated
2025-07-15 04:01:18.092 [info] ExtensionService#_doActivateExtension vscode.debug-auto-launch, startup: false, activationEvent: 'onStartupFinished'
2025-07-15 04:01:18.092 [info] ExtensionService#_doActivateExtension vscode.merge-conflict, startup: false, activationEvent: 'onStartupFinished'
2025-07-15 04:01:21.507 [info] ExtensionService#_doActivateExtension vscode.emmet, startup: false, activationEvent: 'onLanguage'
2025-07-15 04:01:37.100 [info] Extension host terminating: received terminate message from renderer
2025-07-15 04:01:37.100 [info] Lock '/root/.vscode-server/data/User/workspaceStorage/0d5bc46b8dc68bab7e4f2d6e39034ef5/vscode.lock': Marking the lockfile as scheduled to be released in 6000 ms.
2025-07-15 04:01:37.114 [info] Extension host with pid 306 exiting with code 0
